Loaded module: mpi/gcc
--------------------------------------------------------------------------
mpirun was unable to launch the specified application as it could not find an executable:

Executable: image_seg
Node: n-62-24-6

while attempting to start process rank 0.
--------------------------------------------------------------------------
--------------------------------------------------------------------------
mpirun was unable to launch the specified application as it could not find an executable:

Executable: image_seg
Node: n-62-24-6

while attempting to start process rank 0.
--------------------------------------------------------------------------
--------------------------------------------------------------------------
mpirun was unable to launch the specified application as it could not find an executable:

Executable: image_seg
Node: n-62-24-6

while attempting to start process rank 0.
--------------------------------------------------------------------------
--------------------------------------------------------------------------
mpirun was unable to launch the specified application as it could not find an executable:

Executable: image_seg
Node: n-62-24-6

while attempting to start process rank 0.
--------------------------------------------------------------------------
--------------------------------------------------------------------------
mpirun was unable to launch the specified application as it could not find an executable:

Executable: image_seg
Node: n-62-24-6

while attempting to start process rank 0.
--------------------------------------------------------------------------
--------------------------------------------------------------------------
mpirun was unable to launch the specified application as it could not find an executable:

Executable: image_seg
Node: n-62-24-6

while attempting to start process rank 0.
--------------------------------------------------------------------------
--------------------------------------------------------------------------
mpirun was unable to launch the specified application as it could not find an executable:

Executable: image_seg
Node: n-62-24-6

while attempting to start process rank 0.
--------------------------------------------------------------------------
--------------------------------------------------------------------------
mpirun was unable to launch the specified application as it could not find an executable:

Executable: image_seg
Node: n-62-24-6

while attempting to start process rank 0.
--------------------------------------------------------------------------
Loaded module: mpi/gcc
--------------------------------------------------------------------------
mpirun was unable to launch the specified application as it could not find an executable:

Executable: image_seg
Node: n-62-24-6

while attempting to start process rank 0.
--------------------------------------------------------------------------
--------------------------------------------------------------------------
mpirun was unable to launch the specified application as it could not find an executable:

Executable: image_seg
Node: n-62-24-6

while attempting to start process rank 0.
--------------------------------------------------------------------------
--------------------------------------------------------------------------
mpirun was unable to launch the specified application as it could not find an executable:

Executable: image_seg
Node: n-62-24-6

while attempting to start process rank 0.
--------------------------------------------------------------------------
--------------------------------------------------------------------------
mpirun was unable to launch the specified application as it could not find an executable:

Executable: image_seg
Node: n-62-24-6

while attempting to start process rank 0.
--------------------------------------------------------------------------
--------------------------------------------------------------------------
mpirun was unable to launch the specified application as it could not find an executable:

Executable: image_seg
Node: n-62-24-6

while attempting to start process rank 0.
--------------------------------------------------------------------------
--------------------------------------------------------------------------
mpirun was unable to launch the specified application as it could not find an executable:

Executable: image_seg
Node: n-62-24-6

while attempting to start process rank 0.
--------------------------------------------------------------------------
--------------------------------------------------------------------------
mpirun was unable to launch the specified application as it could not find an executable:

Executable: image_seg
Node: n-62-24-6

while attempting to start process rank 0.
--------------------------------------------------------------------------
--------------------------------------------------------------------------
mpirun was unable to launch the specified application as it could not find an executable:

Executable: image_seg
Node: n-62-24-6

while attempting to start process rank 0.
--------------------------------------------------------------------------
